2025-03-22 21:11:20,706:WARNING:
'cuml' is a soft dependency and not included in the pycaret installation. Please run: `pip install cuml` to install.
2025-03-22 21:11:20,707:WARNING:
'cuml' is a soft dependency and not included in the pycaret installation. Please run: `pip install cuml` to install.
2025-03-22 21:11:20,707:WARNING:
'cuml' is a soft dependency and not included in the pycaret installation. Please run: `pip install cuml` to install.
2025-03-22 21:11:20,707:WARNING:
'cuml' is a soft dependency and not included in the pycaret installation. Please run: `pip install cuml` to install.
2025-03-22 21:13:50,751:WARNING:
'cuml' is a soft dependency and not included in the pycaret installation. Please run: `pip install cuml` to install.
2025-03-22 21:13:50,751:WARNING:
'cuml' is a soft dependency and not included in the pycaret installation. Please run: `pip install cuml` to install.
2025-03-22 21:13:50,751:WARNING:
'cuml' is a soft dependency and not included in the pycaret installation. Please run: `pip install cuml` to install.
2025-03-22 21:13:50,751:WARNING:
'cuml' is a soft dependency and not included in the pycaret installation. Please run: `pip install cuml` to install.
2025-03-22 21:15:06,876:WARNING:
'cuml' is a soft dependency and not included in the pycaret installation. Please run: `pip install cuml` to install.
2025-03-22 21:15:06,876:WARNING:
'cuml' is a soft dependency and not included in the pycaret installation. Please run: `pip install cuml` to install.
2025-03-22 21:15:06,876:WARNING:
'cuml' is a soft dependency and not included in the pycaret installation. Please run: `pip install cuml` to install.
2025-03-22 21:15:06,876:WARNING:
'cuml' is a soft dependency and not included in the pycaret installation. Please run: `pip install cuml` to install.
2025-03-22 21:18:48,942:WARNING:
'cuml' is a soft dependency and not included in the pycaret installation. Please run: `pip install cuml` to install.
2025-03-22 21:18:48,942:WARNING:
'cuml' is a soft dependency and not included in the pycaret installation. Please run: `pip install cuml` to install.
2025-03-22 21:18:48,942:WARNING:
'cuml' is a soft dependency and not included in the pycaret installation. Please run: `pip install cuml` to install.
2025-03-22 21:18:48,942:WARNING:
'cuml' is a soft dependency and not included in the pycaret installation. Please run: `pip install cuml` to install.
2025-03-22 21:20:25,050:WARNING:
'cuml' is a soft dependency and not included in the pycaret installation. Please run: `pip install cuml` to install.
2025-03-22 21:20:25,051:WARNING:
'cuml' is a soft dependency and not included in the pycaret installation. Please run: `pip install cuml` to install.
2025-03-22 21:20:25,051:WARNING:
'cuml' is a soft dependency and not included in the pycaret installation. Please run: `pip install cuml` to install.
2025-03-22 21:20:25,051:WARNING:
'cuml' is a soft dependency and not included in the pycaret installation. Please run: `pip install cuml` to install.
2025-03-22 21:22:02,786:WARNING:
'cuml' is a soft dependency and not included in the pycaret installation. Please run: `pip install cuml` to install.
2025-03-22 21:22:02,787:WARNING:
'cuml' is a soft dependency and not included in the pycaret installation. Please run: `pip install cuml` to install.
2025-03-22 21:22:02,787:WARNING:
'cuml' is a soft dependency and not included in the pycaret installation. Please run: `pip install cuml` to install.
2025-03-22 21:22:02,787:WARNING:
'cuml' is a soft dependency and not included in the pycaret installation. Please run: `pip install cuml` to install.
2025-03-22 21:22:38,437:WARNING:
'cuml' is a soft dependency and not included in the pycaret installation. Please run: `pip install cuml` to install.
2025-03-22 21:22:38,437:WARNING:
'cuml' is a soft dependency and not included in the pycaret installation. Please run: `pip install cuml` to install.
2025-03-22 21:22:38,438:WARNING:
'cuml' is a soft dependency and not included in the pycaret installation. Please run: `pip install cuml` to install.
2025-03-22 21:22:38,438:WARNING:
'cuml' is a soft dependency and not included in the pycaret installation. Please run: `pip install cuml` to install.
2025-03-22 21:23:00,312:WARNING:
'cuml' is a soft dependency and not included in the pycaret installation. Please run: `pip install cuml` to install.
2025-03-22 21:23:00,312:WARNING:
'cuml' is a soft dependency and not included in the pycaret installation. Please run: `pip install cuml` to install.
2025-03-22 21:23:00,312:WARNING:
'cuml' is a soft dependency and not included in the pycaret installation. Please run: `pip install cuml` to install.
2025-03-22 21:23:00,313:WARNING:
'cuml' is a soft dependency and not included in the pycaret installation. Please run: `pip install cuml` to install.
2025-03-22 21:23:04,793:INFO:PyCaret ClassificationExperiment
2025-03-22 21:23:04,794:INFO:Logging name: clf-default-name
2025-03-22 21:23:04,794:INFO:ML Usecase: MLUsecase.CLASSIFICATION
2025-03-22 21:23:04,794:INFO:version 3.3.2
2025-03-22 21:23:04,794:INFO:Initializing setup()
2025-03-22 21:23:04,794:INFO:self.USI: dc33
2025-03-22 21:23:04,795:INFO:self._variable_keys: {'log_plots_param', 'fix_imbalance', 'X', 'y', 'gpu_param', 'exp_name_log', 'seed', '_available_plots', 'fold_generator', 'USI', 'X_test', 'fold_shuffle_param', 'fold_groups_param', 'exp_id', 'pipeline', 'is_multiclass', 'n_jobs_param', 'logging_param', 'html_param', 'data', 'y_test', '_ml_usecase', 'gpu_n_jobs_param', 'idx', 'memory', 'X_train', 'target_param', 'y_train'}
2025-03-22 21:23:04,795:INFO:Checking environment
2025-03-22 21:23:04,795:INFO:python_version: 3.11.2
2025-03-22 21:23:04,795:INFO:python_build: ('tags/v3.11.2:878ead1', 'Feb  7 2023 16:38:35')
2025-03-22 21:23:04,795:INFO:machine: AMD64
2025-03-22 21:23:04,815:INFO:platform: Windows-10-10.0.26100-SP0
2025-03-22 21:23:04,823:INFO:Memory: svmem(total=24509800448, available=7888076800, percent=67.8, used=16621723648, free=7888076800)
2025-03-22 21:23:04,823:INFO:Physical Core: 6
2025-03-22 21:23:04,823:INFO:Logical Core: 12
2025-03-22 21:23:04,823:INFO:Checking libraries
2025-03-22 21:23:04,823:INFO:System:
2025-03-22 21:23:04,823:INFO:    python: 3.11.2 (tags/v3.11.2:878ead1, Feb  7 2023, 16:38:35) [MSC v.1934 64 bit (AMD64)]
2025-03-22 21:23:04,823:INFO:executable: C:\Users\DJtop\Downloads\MarchMadnessPredictor\pycaret_env\Scripts\python.exe
2025-03-22 21:23:04,823:INFO:   machine: Windows-10-10.0.26100-SP0
2025-03-22 21:23:04,824:INFO:PyCaret required dependencies:
2025-03-22 21:23:04,871:INFO:                 pip: 22.3.1
2025-03-22 21:23:04,871:INFO:          setuptools: 77.0.3
2025-03-22 21:23:04,871:INFO:             pycaret: 3.3.2
2025-03-22 21:23:04,871:INFO:             IPython: 9.0.2
2025-03-22 21:23:04,871:INFO:          ipywidgets: 8.1.5
2025-03-22 21:23:04,871:INFO:                tqdm: 4.67.1
2025-03-22 21:23:04,871:INFO:               numpy: 1.26.4
2025-03-22 21:23:04,871:INFO:              pandas: 2.1.4
2025-03-22 21:23:04,871:INFO:              jinja2: 3.1.6
2025-03-22 21:23:04,872:INFO:               scipy: 1.11.4
2025-03-22 21:23:04,872:INFO:              joblib: 1.3.2
2025-03-22 21:23:04,872:INFO:             sklearn: 1.4.2
2025-03-22 21:23:04,872:INFO:                pyod: 2.0.3
2025-03-22 21:23:04,872:INFO:            imblearn: 0.13.0
2025-03-22 21:23:04,872:INFO:   category_encoders: 2.7.0
2025-03-22 21:23:04,872:INFO:            lightgbm: 4.6.0
2025-03-22 21:23:04,872:INFO:               numba: 0.61.0
2025-03-22 21:23:04,872:INFO:            requests: 2.32.3
2025-03-22 21:23:04,872:INFO:          matplotlib: 3.7.2
2025-03-22 21:23:04,872:INFO:          scikitplot: 0.3.7
2025-03-22 21:23:04,872:INFO:         yellowbrick: 1.5
2025-03-22 21:23:04,872:INFO:              plotly: 5.24.1
2025-03-22 21:23:04,872:INFO:    plotly-resampler: Not installed
2025-03-22 21:23:04,872:INFO:             kaleido: 0.2.1
2025-03-22 21:23:04,873:INFO:           schemdraw: 0.15
2025-03-22 21:23:04,873:INFO:         statsmodels: 0.14.4
2025-03-22 21:23:04,873:INFO:              sktime: 0.26.0
2025-03-22 21:23:04,873:INFO:               tbats: 1.1.3
2025-03-22 21:23:04,873:INFO:            pmdarima: 2.0.4
2025-03-22 21:23:04,873:INFO:              psutil: 7.0.0
2025-03-22 21:23:04,873:INFO:          markupsafe: 3.0.2
2025-03-22 21:23:04,873:INFO:             pickle5: Not installed
2025-03-22 21:23:04,873:INFO:         cloudpickle: 3.1.1
2025-03-22 21:23:04,874:INFO:         deprecation: 2.1.0
2025-03-22 21:23:04,874:INFO:              xxhash: 3.5.0
2025-03-22 21:23:04,874:INFO:           wurlitzer: Not installed
2025-03-22 21:23:04,874:INFO:PyCaret optional dependencies:
2025-03-22 21:23:04,903:INFO:                shap: Not installed
2025-03-22 21:23:04,903:INFO:           interpret: Not installed
2025-03-22 21:23:04,903:INFO:                umap: Not installed
2025-03-22 21:23:04,903:INFO:     ydata_profiling: Not installed
2025-03-22 21:23:04,903:INFO:  explainerdashboard: Not installed
2025-03-22 21:23:04,903:INFO:             autoviz: Not installed
2025-03-22 21:23:04,903:INFO:           fairlearn: Not installed
2025-03-22 21:23:04,903:INFO:          deepchecks: Not installed
2025-03-22 21:23:04,903:INFO:             xgboost: 3.0.0
2025-03-22 21:23:04,904:INFO:            catboost: Not installed
2025-03-22 21:23:04,904:INFO:              kmodes: Not installed
2025-03-22 21:23:04,904:INFO:             mlxtend: Not installed
2025-03-22 21:23:04,904:INFO:       statsforecast: Not installed
2025-03-22 21:23:04,905:INFO:        tune_sklearn: Not installed
2025-03-22 21:23:04,905:INFO:                 ray: Not installed
2025-03-22 21:23:04,905:INFO:            hyperopt: 0.2.7
2025-03-22 21:23:04,905:INFO:              optuna: Not installed
2025-03-22 21:23:04,905:INFO:               skopt: Not installed
2025-03-22 21:23:04,905:INFO:              mlflow: Not installed
2025-03-22 21:23:04,905:INFO:              gradio: Not installed
2025-03-22 21:23:04,905:INFO:             fastapi: Not installed
2025-03-22 21:23:04,905:INFO:             uvicorn: Not installed
2025-03-22 21:23:04,905:INFO:              m2cgen: Not installed
2025-03-22 21:23:04,905:INFO:           evidently: Not installed
2025-03-22 21:23:04,905:INFO:               fugue: Not installed
2025-03-22 21:23:04,905:INFO:           streamlit: Not installed
2025-03-22 21:23:04,905:INFO:             prophet: Not installed
2025-03-22 21:23:04,905:INFO:None
2025-03-22 21:23:04,905:INFO:Set up data.
2025-03-22 21:23:04,910:INFO:Set up folding strategy.
2025-03-22 21:23:04,910:INFO:Set up train/test split.
2025-03-22 21:23:04,916:INFO:Set up index.
2025-03-22 21:23:04,916:INFO:Assigning column types.
2025-03-22 21:23:04,923:INFO:Engine successfully changes for model 'lr' to 'sklearn'.
2025-03-22 21:23:05,001:INFO:Engine for model 'knn' has not been set explicitly, hence returning None.
2025-03-22 21:23:05,007:INFO:Engine for model 'rbfsvm' has not been set explicitly, hence returning None.
2025-03-22 21:23:05,069:INFO:Soft dependency imported: xgboost: 3.0.0
2025-03-22 21:23:05,080:WARNING:
'catboost' is a soft dependency and not included in the pycaret installation. Please run: `pip install catboost` to install.
Alternately, you can install this by running `pip install pycaret[models]`
2025-03-22 21:23:05,162:INFO:Engine for model 'knn' has not been set explicitly, hence returning None.
2025-03-22 21:23:05,163:INFO:Engine for model 'rbfsvm' has not been set explicitly, hence returning None.
2025-03-22 21:23:05,211:INFO:Soft dependency imported: xgboost: 3.0.0
2025-03-22 21:23:05,216:WARNING:
'catboost' is a soft dependency and not included in the pycaret installation. Please run: `pip install catboost` to install.
Alternately, you can install this by running `pip install pycaret[models]`
2025-03-22 21:23:05,216:INFO:Engine successfully changes for model 'knn' to 'sklearn'.
2025-03-22 21:23:05,296:INFO:Engine for model 'rbfsvm' has not been set explicitly, hence returning None.
2025-03-22 21:23:05,347:INFO:Soft dependency imported: xgboost: 3.0.0
2025-03-22 21:23:05,352:WARNING:
'catboost' is a soft dependency and not included in the pycaret installation. Please run: `pip install catboost` to install.
Alternately, you can install this by running `pip install pycaret[models]`
2025-03-22 21:23:05,432:INFO:Engine for model 'rbfsvm' has not been set explicitly, hence returning None.
2025-03-22 21:23:05,482:INFO:Soft dependency imported: xgboost: 3.0.0
2025-03-22 21:23:05,487:WARNING:
'catboost' is a soft dependency and not included in the pycaret installation. Please run: `pip install catboost` to install.
Alternately, you can install this by running `pip install pycaret[models]`
2025-03-22 21:23:05,488:INFO:Engine successfully changes for model 'rbfsvm' to 'sklearn'.
2025-03-22 21:23:05,618:INFO:Soft dependency imported: xgboost: 3.0.0
2025-03-22 21:23:05,622:WARNING:
'catboost' is a soft dependency and not included in the pycaret installation. Please run: `pip install catboost` to install.
Alternately, you can install this by running `pip install pycaret[models]`
2025-03-22 21:23:05,755:INFO:Soft dependency imported: xgboost: 3.0.0
2025-03-22 21:23:05,760:WARNING:
'catboost' is a soft dependency and not included in the pycaret installation. Please run: `pip install catboost` to install.
Alternately, you can install this by running `pip install pycaret[models]`
2025-03-22 21:23:05,763:INFO:Preparing preprocessing pipeline...
2025-03-22 21:23:05,764:INFO:Set up simple imputation.
2025-03-22 21:23:05,825:INFO:Finished creating preprocessing pipeline.
2025-03-22 21:23:05,831:INFO:Pipeline: Pipeline(memory=FastMemory(location=C:\Users\DJtop\AppData\Local\Temp\joblib),
         steps=[('numerical_imputer',
                 TransformerWrapper(exclude=None,
                                    include=['OffEff_Diff', 'DefEff_Diff',
                                             'Seed_Diff'],
                                    transformer=SimpleImputer(add_indicator=False,
                                                              copy=True,
                                                              fill_value=None,
                                                              keep_empty_features=False,
                                                              missing_values=nan,
                                                              strategy='mean'))),
                ('categorical_imputer',
                 TransformerWrapper(exclude=None, include=[],
                                    transformer=SimpleImputer(add_indicator=False,
                                                              copy=True,
                                                              fill_value=None,
                                                              keep_empty_features=False,
                                                              missing_values=nan,
                                                              strategy='most_frequent')))],
         verbose=False)
2025-03-22 21:23:05,831:INFO:Creating final display dataframe.
2025-03-22 21:23:05,928:INFO:Setup _display_container:                     Description             Value
0                    Session id               123
1                        Target            Target
2                   Target type            Binary
3           Original data shape         (2764, 4)
4        Transformed data shape         (2764, 4)
5   Transformed train set shape         (1934, 4)
6    Transformed test set shape          (830, 4)
7              Numeric features                 3
8                    Preprocess              True
9               Imputation type            simple
10           Numeric imputation              mean
11       Categorical imputation              mode
12               Fold Generator   StratifiedKFold
13                  Fold Number                10
14                     CPU Jobs                -1
15                      Use GPU             False
16               Log Experiment             False
17              Experiment Name  clf-default-name
18                          USI              dc33
2025-03-22 21:23:06,070:INFO:Soft dependency imported: xgboost: 3.0.0
2025-03-22 21:23:06,075:WARNING:
'catboost' is a soft dependency and not included in the pycaret installation. Please run: `pip install catboost` to install.
Alternately, you can install this by running `pip install pycaret[models]`
2025-03-22 21:23:06,223:INFO:Soft dependency imported: xgboost: 3.0.0
2025-03-22 21:23:06,227:WARNING:
'catboost' is a soft dependency and not included in the pycaret installation. Please run: `pip install catboost` to install.
Alternately, you can install this by running `pip install pycaret[models]`
2025-03-22 21:23:06,230:INFO:setup() successfully completed in 1.44s...............
2025-03-22 21:23:06,230:INFO:Initializing compare_models()
2025-03-22 21:23:06,230:INFO:compare_models(self=<pycaret.classification.oop.ClassificationExperiment object at 0x0000016352F2BFD0>, include=None, exclude=None, fold=None, round=4, cross_validation=True, sort=Accuracy, n_select=1, budget_time=None, turbo=True, errors=ignore, fit_kwargs=None, groups=None, experiment_custom_tags=None, probability_threshold=None, verbose=True, parallel=None, caller_params={'self': <pycaret.classification.oop.ClassificationExperiment object at 0x0000016352F2BFD0>, 'include': None, 'exclude': None, 'fold': None, 'round': 4, 'cross_validation': True, 'sort': 'Accuracy', 'n_select': 1, 'budget_time': None, 'turbo': True, 'errors': 'ignore', 'fit_kwargs': None, 'groups': None, 'experiment_custom_tags': None, 'probability_threshold': None, 'engine': None, 'verbose': True, 'parallel': None, '__class__': <class 'pycaret.classification.oop.ClassificationExperiment'>})
2025-03-22 21:23:06,231:INFO:Checking exceptions
2025-03-22 21:23:06,235:INFO:Preparing display monitor
2025-03-22 21:23:06,241:INFO:Initializing Logistic Regression
2025-03-22 21:23:06,241:INFO:Total runtime is 0.0 minutes
2025-03-22 21:23:06,241:INFO:SubProcess create_model() called ==================================
2025-03-22 21:23:06,242:INFO:Initializing create_model()
2025-03-22 21:23:06,242:INFO:create_model(self=<pycaret.classification.oop.ClassificationExperiment object at 0x0000016352F2BFD0>, estimator=lr, fold=StratifiedKFold(n_splits=10, random_state=None, shuffle=False), round=4, cross_validation=True, predict=True, fit_kwargs={}, groups=None, refit=False, probability_threshold=None, experiment_custom_tags=None, verbose=False, system=False, add_to_model_list=True, metrics=None, display=<pycaret.internal.display.display.CommonDisplay object at 0x000001635190E490>, model_only=True, return_train_score=False, error_score=0.0, kwargs={})
2025-03-22 21:23:06,242:INFO:Checking exceptions
2025-03-22 21:23:06,242:INFO:Importing libraries
2025-03-22 21:23:06,242:INFO:Copying training dataset
2025-03-22 21:23:06,248:INFO:Defining folds
2025-03-22 21:23:06,248:INFO:Declaring metric variables
2025-03-22 21:23:06,248:INFO:Importing untrained model
2025-03-22 21:23:06,249:INFO:Logistic Regression Imported successfully
2025-03-22 21:23:06,249:INFO:Starting cross validation
2025-03-22 21:23:06,250:INFO:Cross validating with StratifiedKFold(n_splits=10, random_state=None, shuffle=False), n_jobs=-1
2025-03-22 21:23:13,051:INFO:Calculating mean and std
2025-03-22 21:23:13,053:INFO:Creating metrics dataframe
2025-03-22 21:23:13,057:INFO:Uploading results into container
2025-03-22 21:23:13,058:INFO:Uploading model into container now
2025-03-22 21:23:13,059:INFO:_master_model_container: 1
2025-03-22 21:23:13,059:INFO:_display_container: 2
2025-03-22 21:23:13,060:INFO:LogisticRegression(C=1.0, class_weight=None, dual=False, fit_intercept=True,
                   intercept_scaling=1, l1_ratio=None, max_iter=1000,
                   multi_class='auto', n_jobs=None, penalty='l2',
                   random_state=123, solver='lbfgs', tol=0.0001, verbose=0,
                   warm_start=False)
2025-03-22 21:23:13,061:INFO:create_model() successfully completed......................................
2025-03-22 21:23:13,189:INFO:SubProcess create_model() end ==================================
2025-03-22 21:23:13,189:INFO:Creating metrics dataframe
2025-03-22 21:23:13,193:INFO:Initializing K Neighbors Classifier
2025-03-22 21:23:13,193:INFO:Total runtime is 0.1158690889676412 minutes
2025-03-22 21:23:13,193:INFO:SubProcess create_model() called ==================================
2025-03-22 21:23:13,193:INFO:Initializing create_model()
2025-03-22 21:23:13,193:INFO:create_model(self=<pycaret.classification.oop.ClassificationExperiment object at 0x0000016352F2BFD0>, estimator=knn, fold=StratifiedKFold(n_splits=10, random_state=None, shuffle=False), round=4, cross_validation=True, predict=True, fit_kwargs={}, groups=None, refit=False, probability_threshold=None, experiment_custom_tags=None, verbose=False, system=False, add_to_model_list=True, metrics=None, display=<pycaret.internal.display.display.CommonDisplay object at 0x000001635190E490>, model_only=True, return_train_score=False, error_score=0.0, kwargs={})
2025-03-22 21:23:13,193:INFO:Checking exceptions
2025-03-22 21:23:13,194:INFO:Importing libraries
2025-03-22 21:23:13,194:INFO:Copying training dataset
2025-03-22 21:23:13,199:INFO:Defining folds
2025-03-22 21:23:13,199:INFO:Declaring metric variables
2025-03-22 21:23:13,199:INFO:Importing untrained model
2025-03-22 21:23:13,200:INFO:K Neighbors Classifier Imported successfully
2025-03-22 21:23:13,200:INFO:Starting cross validation
2025-03-22 21:23:13,201:INFO:Cross validating with StratifiedKFold(n_splits=10, random_state=None, shuffle=False), n_jobs=-1
2025-03-22 21:23:18,099:INFO:Calculating mean and std
2025-03-22 21:23:18,101:INFO:Creating metrics dataframe
2025-03-22 21:23:18,104:INFO:Uploading results into container
2025-03-22 21:23:18,104:INFO:Uploading model into container now
2025-03-22 21:23:18,106:INFO:_master_model_container: 2
2025-03-22 21:23:18,106:INFO:_display_container: 2
2025-03-22 21:23:18,107:INFO:KNeighborsClassifier(algorithm='auto', leaf_size=30, metric='minkowski',
                     metric_params=None, n_jobs=-1, n_neighbors=5, p=2,
                     weights='uniform')
2025-03-22 21:23:18,107:INFO:create_model() successfully completed......................................
2025-03-22 21:23:18,224:INFO:SubProcess create_model() end ==================================
2025-03-22 21:23:18,225:INFO:Creating metrics dataframe
2025-03-22 21:23:18,229:INFO:Initializing Naive Bayes
2025-03-22 21:23:18,229:INFO:Total runtime is 0.19979574282964072 minutes
2025-03-22 21:23:18,230:INFO:SubProcess create_model() called ==================================
2025-03-22 21:23:18,230:INFO:Initializing create_model()
2025-03-22 21:23:18,230:INFO:create_model(self=<pycaret.classification.oop.ClassificationExperiment object at 0x0000016352F2BFD0>, estimator=nb, fold=StratifiedKFold(n_splits=10, random_state=None, shuffle=False), round=4, cross_validation=True, predict=True, fit_kwargs={}, groups=None, refit=False, probability_threshold=None, experiment_custom_tags=None, verbose=False, system=False, add_to_model_list=True, metrics=None, display=<pycaret.internal.display.display.CommonDisplay object at 0x000001635190E490>, model_only=True, return_train_score=False, error_score=0.0, kwargs={})
2025-03-22 21:23:18,230:INFO:Checking exceptions
2025-03-22 21:23:18,230:INFO:Importing libraries
2025-03-22 21:23:18,230:INFO:Copying training dataset
2025-03-22 21:23:18,235:INFO:Defining folds
2025-03-22 21:23:18,235:INFO:Declaring metric variables
2025-03-22 21:23:18,236:INFO:Importing untrained model
2025-03-22 21:23:18,236:INFO:Naive Bayes Imported successfully
2025-03-22 21:23:18,237:INFO:Starting cross validation
2025-03-22 21:23:18,238:INFO:Cross validating with StratifiedKFold(n_splits=10, random_state=None, shuffle=False), n_jobs=-1
2025-03-22 21:23:18,363:INFO:Calculating mean and std
2025-03-22 21:23:18,366:INFO:Creating metrics dataframe
2025-03-22 21:23:18,369:INFO:Uploading results into container
2025-03-22 21:23:18,369:INFO:Uploading model into container now
2025-03-22 21:23:18,369:INFO:_master_model_container: 3
2025-03-22 21:23:18,369:INFO:_display_container: 2
2025-03-22 21:23:18,371:INFO:GaussianNB(priors=None, var_smoothing=1e-09)
2025-03-22 21:23:18,371:INFO:create_model() successfully completed......................................
2025-03-22 21:23:18,470:INFO:SubProcess create_model() end ==================================
2025-03-22 21:23:18,470:INFO:Creating metrics dataframe
2025-03-22 21:23:18,474:INFO:Initializing Decision Tree Classifier
2025-03-22 21:23:18,474:INFO:Total runtime is 0.2038786013921102 minutes
2025-03-22 21:23:18,474:INFO:SubProcess create_model() called ==================================
2025-03-22 21:23:18,475:INFO:Initializing create_model()
2025-03-22 21:23:18,475:INFO:create_model(self=<pycaret.classification.oop.ClassificationExperiment object at 0x0000016352F2BFD0>, estimator=dt, fold=StratifiedKFold(n_splits=10, random_state=None, shuffle=False), round=4, cross_validation=True, predict=True, fit_kwargs={}, groups=None, refit=False, probability_threshold=None, experiment_custom_tags=None, verbose=False, system=False, add_to_model_list=True, metrics=None, display=<pycaret.internal.display.display.CommonDisplay object at 0x000001635190E490>, model_only=True, return_train_score=False, error_score=0.0, kwargs={})
2025-03-22 21:23:18,475:INFO:Checking exceptions
2025-03-22 21:23:18,475:INFO:Importing libraries
2025-03-22 21:23:18,475:INFO:Copying training dataset
2025-03-22 21:23:18,481:INFO:Defining folds
2025-03-22 21:23:18,481:INFO:Declaring metric variables
2025-03-22 21:23:18,481:INFO:Importing untrained model
2025-03-22 21:23:18,482:INFO:Decision Tree Classifier Imported successfully
2025-03-22 21:23:18,482:INFO:Starting cross validation
2025-03-22 21:23:18,484:INFO:Cross validating with StratifiedKFold(n_splits=10, random_state=None, shuffle=False), n_jobs=-1
2025-03-22 21:23:18,608:INFO:Calculating mean and std
2025-03-22 21:23:18,610:INFO:Creating metrics dataframe
2025-03-22 21:23:18,613:INFO:Uploading results into container
2025-03-22 21:23:18,614:INFO:Uploading model into container now
2025-03-22 21:23:18,614:INFO:_master_model_container: 4
2025-03-22 21:23:18,614:INFO:_display_container: 2
2025-03-22 21:23:18,615:INFO:DecisionTreeClassifier(ccp_alpha=0.0, class_weight=None, criterion='gini',
                       max_depth=None, max_features=None, max_leaf_nodes=None,
                       min_impurity_decrease=0.0, min_samples_leaf=1,
                       min_samples_split=2, min_weight_fraction_leaf=0.0,
                       monotonic_cst=None, random_state=123, splitter='best')
2025-03-22 21:23:18,615:INFO:create_model() successfully completed......................................
2025-03-22 21:23:18,714:INFO:SubProcess create_model() end ==================================
2025-03-22 21:23:18,715:INFO:Creating metrics dataframe
2025-03-22 21:23:18,720:INFO:Initializing SVM - Linear Kernel
2025-03-22 21:23:18,720:INFO:Total runtime is 0.2079764684041341 minutes
2025-03-22 21:23:18,720:INFO:SubProcess create_model() called ==================================
2025-03-22 21:23:18,720:INFO:Initializing create_model()
2025-03-22 21:23:18,721:INFO:create_model(self=<pycaret.classification.oop.ClassificationExperiment object at 0x0000016352F2BFD0>, estimator=svm, fold=StratifiedKFold(n_splits=10, random_state=None, shuffle=False), round=4, cross_validation=True, predict=True, fit_kwargs={}, groups=None, refit=False, probability_threshold=None, experiment_custom_tags=None, verbose=False, system=False, add_to_model_list=True, metrics=None, display=<pycaret.internal.display.display.CommonDisplay object at 0x000001635190E490>, model_only=True, return_train_score=False, error_score=0.0, kwargs={})
2025-03-22 21:23:18,721:INFO:Checking exceptions
2025-03-22 21:23:18,721:INFO:Importing libraries
2025-03-22 21:23:18,721:INFO:Copying training dataset
2025-03-22 21:23:18,726:INFO:Defining folds
2025-03-22 21:23:18,726:INFO:Declaring metric variables
2025-03-22 21:23:18,726:INFO:Importing untrained model
2025-03-22 21:23:18,727:INFO:SVM - Linear Kernel Imported successfully
2025-03-22 21:23:18,727:INFO:Starting cross validation
2025-03-22 21:23:18,728:INFO:Cross validating with StratifiedKFold(n_splits=10, random_state=None, shuffle=False), n_jobs=-1
2025-03-22 21:23:18,837:INFO:Calculating mean and std
2025-03-22 21:23:18,838:INFO:Creating metrics dataframe
2025-03-22 21:23:18,841:INFO:Uploading results into container
2025-03-22 21:23:18,842:INFO:Uploading model into container now
2025-03-22 21:23:18,842:INFO:_master_model_container: 5
2025-03-22 21:23:18,843:INFO:_display_container: 2
2025-03-22 21:23:18,843:INFO:SGDClassifier(alpha=0.0001, average=False, class_weight=None,
              early_stopping=False, epsilon=0.1, eta0=0.001, fit_intercept=True,
              l1_ratio=0.15, learning_rate='optimal', loss='hinge',
              max_iter=1000, n_iter_no_change=5, n_jobs=-1, penalty='l2',
              power_t=0.5, random_state=123, shuffle=True, tol=0.001,
              validation_fraction=0.1, verbose=0, warm_start=False)
2025-03-22 21:23:18,843:INFO:create_model() successfully completed......................................
2025-03-22 21:23:18,943:INFO:SubProcess create_model() end ==================================
2025-03-22 21:23:18,943:INFO:Creating metrics dataframe
2025-03-22 21:23:18,946:INFO:Initializing Ridge Classifier
2025-03-22 21:23:18,947:INFO:Total runtime is 0.21177071730295816 minutes
2025-03-22 21:23:18,947:INFO:SubProcess create_model() called ==================================
2025-03-22 21:23:18,947:INFO:Initializing create_model()
2025-03-22 21:23:18,947:INFO:create_model(self=<pycaret.classification.oop.ClassificationExperiment object at 0x0000016352F2BFD0>, estimator=ridge, fold=StratifiedKFold(n_splits=10, random_state=None, shuffle=False), round=4, cross_validation=True, predict=True, fit_kwargs={}, groups=None, refit=False, probability_threshold=None, experiment_custom_tags=None, verbose=False, system=False, add_to_model_list=True, metrics=None, display=<pycaret.internal.display.display.CommonDisplay object at 0x000001635190E490>, model_only=True, return_train_score=False, error_score=0.0, kwargs={})
2025-03-22 21:23:18,947:INFO:Checking exceptions
2025-03-22 21:23:18,947:INFO:Importing libraries
2025-03-22 21:23:18,947:INFO:Copying training dataset
2025-03-22 21:23:18,952:INFO:Defining folds
2025-03-22 21:23:18,952:INFO:Declaring metric variables
2025-03-22 21:23:18,954:INFO:Importing untrained model
2025-03-22 21:23:18,954:INFO:Ridge Classifier Imported successfully
2025-03-22 21:23:18,954:INFO:Starting cross validation
2025-03-22 21:23:18,955:INFO:Cross validating with StratifiedKFold(n_splits=10, random_state=None, shuffle=False), n_jobs=-1
2025-03-22 21:23:19,042:INFO:Calculating mean and std
2025-03-22 21:23:19,043:INFO:Creating metrics dataframe
2025-03-22 21:23:19,046:INFO:Uploading results into container
2025-03-22 21:23:19,047:INFO:Uploading model into container now
2025-03-22 21:23:19,048:INFO:_master_model_container: 6
2025-03-22 21:23:19,048:INFO:_display_container: 2
2025-03-22 21:23:19,048:INFO:RidgeClassifier(alpha=1.0, class_weight=None, copy_X=True, fit_intercept=True,
                max_iter=None, positive=False, random_state=123, solver='auto',
                tol=0.0001)
2025-03-22 21:23:19,048:INFO:create_model() successfully completed......................................
2025-03-22 21:23:19,148:INFO:SubProcess create_model() end ==================================
2025-03-22 21:23:19,148:INFO:Creating metrics dataframe
2025-03-22 21:23:19,152:INFO:Initializing Random Forest Classifier
2025-03-22 21:23:19,152:INFO:Total runtime is 0.21517521540323892 minutes
2025-03-22 21:23:19,152:INFO:SubProcess create_model() called ==================================
2025-03-22 21:23:19,152:INFO:Initializing create_model()
2025-03-22 21:23:19,153:INFO:create_model(self=<pycaret.classification.oop.ClassificationExperiment object at 0x0000016352F2BFD0>, estimator=rf, fold=StratifiedKFold(n_splits=10, random_state=None, shuffle=False), round=4, cross_validation=True, predict=True, fit_kwargs={}, groups=None, refit=False, probability_threshold=None, experiment_custom_tags=None, verbose=False, system=False, add_to_model_list=True, metrics=None, display=<pycaret.internal.display.display.CommonDisplay object at 0x000001635190E490>, model_only=True, return_train_score=False, error_score=0.0, kwargs={})
2025-03-22 21:23:19,153:INFO:Checking exceptions
2025-03-22 21:23:19,153:INFO:Importing libraries
2025-03-22 21:23:19,153:INFO:Copying training dataset
2025-03-22 21:23:19,158:INFO:Defining folds
2025-03-22 21:23:19,158:INFO:Declaring metric variables
2025-03-22 21:23:19,158:INFO:Importing untrained model
2025-03-22 21:23:19,159:INFO:Random Forest Classifier Imported successfully
2025-03-22 21:23:19,159:INFO:Starting cross validation
2025-03-22 21:23:19,160:INFO:Cross validating with StratifiedKFold(n_splits=10, random_state=None, shuffle=False), n_jobs=-1
2025-03-22 21:23:20,200:INFO:Calculating mean and std
2025-03-22 21:23:20,201:INFO:Creating metrics dataframe
2025-03-22 21:23:20,205:INFO:Uploading results into container
2025-03-22 21:23:20,205:INFO:Uploading model into container now
2025-03-22 21:23:20,206:INFO:_master_model_container: 7
2025-03-22 21:23:20,206:INFO:_display_container: 2
2025-03-22 21:23:20,206:INFO:RandomForestClassifier(bootstrap=True, ccp_alpha=0.0, class_weight=None,
                       criterion='gini', max_depth=None, max_features='sqrt',
                       max_leaf_nodes=None, max_samples=None,
                       min_impurity_decrease=0.0, min_samples_leaf=1,
                       min_samples_split=2, min_weight_fraction_leaf=0.0,
                       monotonic_cst=None, n_estimators=100, n_jobs=-1,
                       oob_score=False, random_state=123, verbose=0,
                       warm_start=False)
2025-03-22 21:23:20,207:INFO:create_model() successfully completed......................................
2025-03-22 21:23:20,305:INFO:SubProcess create_model() end ==================================
2025-03-22 21:23:20,305:INFO:Creating metrics dataframe
2025-03-22 21:23:20,309:INFO:Initializing Quadratic Discriminant Analysis
2025-03-22 21:23:20,309:INFO:Total runtime is 0.2344612161318461 minutes
2025-03-22 21:23:20,309:INFO:SubProcess create_model() called ==================================
2025-03-22 21:23:20,310:INFO:Initializing create_model()
2025-03-22 21:23:20,310:INFO:create_model(self=<pycaret.classification.oop.ClassificationExperiment object at 0x0000016352F2BFD0>, estimator=qda, fold=StratifiedKFold(n_splits=10, random_state=None, shuffle=False), round=4, cross_validation=True, predict=True, fit_kwargs={}, groups=None, refit=False, probability_threshold=None, experiment_custom_tags=None, verbose=False, system=False, add_to_model_list=True, metrics=None, display=<pycaret.internal.display.display.CommonDisplay object at 0x000001635190E490>, model_only=True, return_train_score=False, error_score=0.0, kwargs={})
2025-03-22 21:23:20,310:INFO:Checking exceptions
2025-03-22 21:23:20,310:INFO:Importing libraries
2025-03-22 21:23:20,310:INFO:Copying training dataset
2025-03-22 21:23:20,315:INFO:Defining folds
2025-03-22 21:23:20,316:INFO:Declaring metric variables
2025-03-22 21:23:20,316:INFO:Importing untrained model
2025-03-22 21:23:20,317:INFO:Quadratic Discriminant Analysis Imported successfully
2025-03-22 21:23:20,317:INFO:Starting cross validation
2025-03-22 21:23:20,318:INFO:Cross validating with StratifiedKFold(n_splits=10, random_state=None, shuffle=False), n_jobs=-1
2025-03-22 21:23:20,436:INFO:Calculating mean and std
2025-03-22 21:23:20,438:INFO:Creating metrics dataframe
2025-03-22 21:23:20,441:INFO:Uploading results into container
2025-03-22 21:23:20,441:INFO:Uploading model into container now
2025-03-22 21:23:20,442:INFO:_master_model_container: 8
2025-03-22 21:23:20,442:INFO:_display_container: 2
2025-03-22 21:23:20,442:INFO:QuadraticDiscriminantAnalysis(priors=None, reg_param=0.0,
                              store_covariance=False, tol=0.0001)
2025-03-22 21:23:20,442:INFO:create_model() successfully completed......................................
2025-03-22 21:23:20,542:INFO:SubProcess create_model() end ==================================
2025-03-22 21:23:20,542:INFO:Creating metrics dataframe
2025-03-22 21:23:20,546:INFO:Initializing Ada Boost Classifier
2025-03-22 21:23:20,546:INFO:Total runtime is 0.23841697374979653 minutes
2025-03-22 21:23:20,546:INFO:SubProcess create_model() called ==================================
2025-03-22 21:23:20,546:INFO:Initializing create_model()
2025-03-22 21:23:20,546:INFO:create_model(self=<pycaret.classification.oop.ClassificationExperiment object at 0x0000016352F2BFD0>, estimator=ada, fold=StratifiedKFold(n_splits=10, random_state=None, shuffle=False), round=4, cross_validation=True, predict=True, fit_kwargs={}, groups=None, refit=False, probability_threshold=None, experiment_custom_tags=None, verbose=False, system=False, add_to_model_list=True, metrics=None, display=<pycaret.internal.display.display.CommonDisplay object at 0x000001635190E490>, model_only=True, return_train_score=False, error_score=0.0, kwargs={})
2025-03-22 21:23:20,546:INFO:Checking exceptions
2025-03-22 21:23:20,546:INFO:Importing libraries
2025-03-22 21:23:20,546:INFO:Copying training dataset
2025-03-22 21:23:20,552:INFO:Defining folds
2025-03-22 21:23:20,552:INFO:Declaring metric variables
2025-03-22 21:23:20,553:INFO:Importing untrained model
2025-03-22 21:23:20,554:INFO:Ada Boost Classifier Imported successfully
2025-03-22 21:23:20,554:INFO:Starting cross validation
2025-03-22 21:23:20,555:INFO:Cross validating with StratifiedKFold(n_splits=10, random_state=None, shuffle=False), n_jobs=-1
2025-03-22 21:23:20,592:WARNING:C:\Users\DJtop\Downloads\MarchMadnessPredictor\pycaret_env\Lib\site-packages\sklearn\ensemble\_weight_boosting.py:519: FutureWarning: The SAMME.R algorithm (the default) is deprecated and will be removed in 1.6. Use the SAMME algorithm to circumvent this warning.
  warnings.warn(

2025-03-22 21:23:20,593:WARNING:C:\Users\DJtop\Downloads\MarchMadnessPredictor\pycaret_env\Lib\site-packages\sklearn\ensemble\_weight_boosting.py:519: FutureWarning: The SAMME.R algorithm (the default) is deprecated and will be removed in 1.6. Use the SAMME algorithm to circumvent this warning.
  warnings.warn(

2025-03-22 21:23:20,594:WARNING:C:\Users\DJtop\Downloads\MarchMadnessPredictor\pycaret_env\Lib\site-packages\sklearn\ensemble\_weight_boosting.py:519: FutureWarning: The SAMME.R algorithm (the default) is deprecated and will be removed in 1.6. Use the SAMME algorithm to circumvent this warning.
  warnings.warn(

2025-03-22 21:23:20,596:WARNING:C:\Users\DJtop\Downloads\MarchMadnessPredictor\pycaret_env\Lib\site-packages\sklearn\ensemble\_weight_boosting.py:519: FutureWarning: The SAMME.R algorithm (the default) is deprecated and will be removed in 1.6. Use the SAMME algorithm to circumvent this warning.
  warnings.warn(

2025-03-22 21:23:20,597:WARNING:C:\Users\DJtop\Downloads\MarchMadnessPredictor\pycaret_env\Lib\site-packages\sklearn\ensemble\_weight_boosting.py:519: FutureWarning: The SAMME.R algorithm (the default) is deprecated and will be removed in 1.6. Use the SAMME algorithm to circumvent this warning.
  warnings.warn(

2025-03-22 21:23:20,601:WARNING:C:\Users\DJtop\Downloads\MarchMadnessPredictor\pycaret_env\Lib\site-packages\sklearn\ensemble\_weight_boosting.py:519: FutureWarning: The SAMME.R algorithm (the default) is deprecated and will be removed in 1.6. Use the SAMME algorithm to circumvent this warning.
  warnings.warn(

2025-03-22 21:23:20,603:WARNING:C:\Users\DJtop\Downloads\MarchMadnessPredictor\pycaret_env\Lib\site-packages\sklearn\ensemble\_weight_boosting.py:519: FutureWarning: The SAMME.R algorithm (the default) is deprecated and will be removed in 1.6. Use the SAMME algorithm to circumvent this warning.
  warnings.warn(

2025-03-22 21:23:20,608:WARNING:C:\Users\DJtop\Downloads\MarchMadnessPredictor\pycaret_env\Lib\site-packages\sklearn\ensemble\_weight_boosting.py:519: FutureWarning: The SAMME.R algorithm (the default) is deprecated and will be removed in 1.6. Use the SAMME algorithm to circumvent this warning.
  warnings.warn(

2025-03-22 21:23:20,611:WARNING:C:\Users\DJtop\Downloads\MarchMadnessPredictor\pycaret_env\Lib\site-packages\sklearn\ensemble\_weight_boosting.py:519: FutureWarning: The SAMME.R algorithm (the default) is deprecated and will be removed in 1.6. Use the SAMME algorithm to circumvent this warning.
  warnings.warn(

2025-03-22 21:23:20,929:INFO:Calculating mean and std
2025-03-22 21:23:20,931:INFO:Creating metrics dataframe
2025-03-22 21:23:20,934:INFO:Uploading results into container
2025-03-22 21:23:20,935:INFO:Uploading model into container now
2025-03-22 21:23:20,935:INFO:_master_model_container: 9
2025-03-22 21:23:20,935:INFO:_display_container: 2
2025-03-22 21:23:20,936:INFO:AdaBoostClassifier(algorithm='SAMME.R', estimator=None, learning_rate=1.0,
                   n_estimators=50, random_state=123)
2025-03-22 21:23:20,936:INFO:create_model() successfully completed......................................
2025-03-22 21:23:21,032:INFO:SubProcess create_model() end ==================================
2025-03-22 21:23:21,033:INFO:Creating metrics dataframe
2025-03-22 21:23:21,037:INFO:Initializing Gradient Boosting Classifier
2025-03-22 21:23:21,037:INFO:Total runtime is 0.2466040015220642 minutes
2025-03-22 21:23:21,037:INFO:SubProcess create_model() called ==================================
2025-03-22 21:23:21,037:INFO:Initializing create_model()
2025-03-22 21:23:21,038:INFO:create_model(self=<pycaret.classification.oop.ClassificationExperiment object at 0x0000016352F2BFD0>, estimator=gbc, fold=StratifiedKFold(n_splits=10, random_state=None, shuffle=False), round=4, cross_validation=True, predict=True, fit_kwargs={}, groups=None, refit=False, probability_threshold=None, experiment_custom_tags=None, verbose=False, system=False, add_to_model_list=True, metrics=None, display=<pycaret.internal.display.display.CommonDisplay object at 0x000001635190E490>, model_only=True, return_train_score=False, error_score=0.0, kwargs={})
2025-03-22 21:23:21,038:INFO:Checking exceptions
2025-03-22 21:23:21,038:INFO:Importing libraries
2025-03-22 21:23:21,038:INFO:Copying training dataset
2025-03-22 21:23:21,043:INFO:Defining folds
2025-03-22 21:23:21,043:INFO:Declaring metric variables
2025-03-22 21:23:21,044:INFO:Importing untrained model
2025-03-22 21:23:21,045:INFO:Gradient Boosting Classifier Imported successfully
2025-03-22 21:23:21,045:INFO:Starting cross validation
2025-03-22 21:23:21,046:INFO:Cross validating with StratifiedKFold(n_splits=10, random_state=None, shuffle=False), n_jobs=-1
2025-03-22 21:23:21,769:INFO:Calculating mean and std
2025-03-22 21:23:21,770:INFO:Creating metrics dataframe
2025-03-22 21:23:21,773:INFO:Uploading results into container
2025-03-22 21:23:21,774:INFO:Uploading model into container now
2025-03-22 21:23:21,774:INFO:_master_model_container: 10
2025-03-22 21:23:21,774:INFO:_display_container: 2
2025-03-22 21:23:21,775:INFO:GradientBoostingClassifier(ccp_alpha=0.0, criterion='friedman_mse', init=None,
                           learning_rate=0.1, loss='log_loss', max_depth=3,
                           max_features=None, max_leaf_nodes=None,
                           min_impurity_decrease=0.0, min_samples_leaf=1,
                           min_samples_split=2, min_weight_fraction_leaf=0.0,
                           n_estimators=100, n_iter_no_change=None,
                           random_state=123, subsample=1.0, tol=0.0001,
                           validation_fraction=0.1, verbose=0,
                           warm_start=False)
2025-03-22 21:23:21,775:INFO:create_model() successfully completed......................................
2025-03-22 21:23:21,873:INFO:SubProcess create_model() end ==================================
2025-03-22 21:23:21,873:INFO:Creating metrics dataframe
2025-03-22 21:23:21,877:INFO:Initializing Linear Discriminant Analysis
2025-03-22 21:23:21,877:INFO:Total runtime is 0.2606047987937927 minutes
2025-03-22 21:23:21,878:INFO:SubProcess create_model() called ==================================
2025-03-22 21:23:21,878:INFO:Initializing create_model()
2025-03-22 21:23:21,878:INFO:create_model(self=<pycaret.classification.oop.ClassificationExperiment object at 0x0000016352F2BFD0>, estimator=lda, fold=StratifiedKFold(n_splits=10, random_state=None, shuffle=False), round=4, cross_validation=True, predict=True, fit_kwargs={}, groups=None, refit=False, probability_threshold=None, experiment_custom_tags=None, verbose=False, system=False, add_to_model_list=True, metrics=None, display=<pycaret.internal.display.display.CommonDisplay object at 0x000001635190E490>, model_only=True, return_train_score=False, error_score=0.0, kwargs={})
2025-03-22 21:23:21,878:INFO:Checking exceptions
2025-03-22 21:23:21,878:INFO:Importing libraries
2025-03-22 21:23:21,878:INFO:Copying training dataset
2025-03-22 21:23:21,883:INFO:Defining folds
2025-03-22 21:23:21,883:INFO:Declaring metric variables
2025-03-22 21:23:21,884:INFO:Importing untrained model
2025-03-22 21:23:21,884:INFO:Linear Discriminant Analysis Imported successfully
2025-03-22 21:23:21,884:INFO:Starting cross validation
2025-03-22 21:23:21,886:INFO:Cross validating with StratifiedKFold(n_splits=10, random_state=None, shuffle=False), n_jobs=-1
2025-03-22 21:23:21,976:INFO:Calculating mean and std
2025-03-22 21:23:21,977:INFO:Creating metrics dataframe
2025-03-22 21:23:21,980:INFO:Uploading results into container
2025-03-22 21:23:21,980:INFO:Uploading model into container now
2025-03-22 21:23:21,981:INFO:_master_model_container: 11
2025-03-22 21:23:21,981:INFO:_display_container: 2
2025-03-22 21:23:21,981:INFO:LinearDiscriminantAnalysis(covariance_estimator=None, n_components=None,
                           priors=None, shrinkage=None, solver='svd',
                           store_covariance=False, tol=0.0001)
2025-03-22 21:23:21,981:INFO:create_model() successfully completed......................................
2025-03-22 21:23:22,081:INFO:SubProcess create_model() end ==================================
2025-03-22 21:23:22,081:INFO:Creating metrics dataframe
2025-03-22 21:23:22,086:INFO:Initializing Extra Trees Classifier
2025-03-22 21:23:22,086:INFO:Total runtime is 0.26408080259958905 minutes
2025-03-22 21:23:22,086:INFO:SubProcess create_model() called ==================================
2025-03-22 21:23:22,086:INFO:Initializing create_model()
2025-03-22 21:23:22,086:INFO:create_model(self=<pycaret.classification.oop.ClassificationExperiment object at 0x0000016352F2BFD0>, estimator=et, fold=StratifiedKFold(n_splits=10, random_state=None, shuffle=False), round=4, cross_validation=True, predict=True, fit_kwargs={}, groups=None, refit=False, probability_threshold=None, experiment_custom_tags=None, verbose=False, system=False, add_to_model_list=True, metrics=None, display=<pycaret.internal.display.display.CommonDisplay object at 0x000001635190E490>, model_only=True, return_train_score=False, error_score=0.0, kwargs={})
2025-03-22 21:23:22,086:INFO:Checking exceptions
2025-03-22 21:23:22,087:INFO:Importing libraries
2025-03-22 21:23:22,087:INFO:Copying training dataset
2025-03-22 21:23:22,091:INFO:Defining folds
2025-03-22 21:23:22,091:INFO:Declaring metric variables
2025-03-22 21:23:22,092:INFO:Importing untrained model
2025-03-22 21:23:22,093:INFO:Extra Trees Classifier Imported successfully
2025-03-22 21:23:22,093:INFO:Starting cross validation
2025-03-22 21:23:22,094:INFO:Cross validating with StratifiedKFold(n_splits=10, random_state=None, shuffle=False), n_jobs=-1
2025-03-22 21:23:22,896:INFO:Calculating mean and std
2025-03-22 21:23:22,898:INFO:Creating metrics dataframe
2025-03-22 21:23:22,901:INFO:Uploading results into container
2025-03-22 21:23:22,902:INFO:Uploading model into container now
2025-03-22 21:23:22,904:INFO:_master_model_container: 12
2025-03-22 21:23:22,904:INFO:_display_container: 2
2025-03-22 21:23:22,904:INFO:ExtraTreesClassifier(bootstrap=False, ccp_alpha=0.0, class_weight=None,
                     criterion='gini', max_depth=None, max_features='sqrt',
                     max_leaf_nodes=None, max_samples=None,
                     min_impurity_decrease=0.0, min_samples_leaf=1,
                     min_samples_split=2, min_weight_fraction_leaf=0.0,
                     monotonic_cst=None, n_estimators=100, n_jobs=-1,
                     oob_score=False, random_state=123, verbose=0,
                     warm_start=False)
2025-03-22 21:23:22,904:INFO:create_model() successfully completed......................................
2025-03-22 21:23:23,025:INFO:SubProcess create_model() end ==================================
2025-03-22 21:23:23,026:INFO:Creating metrics dataframe
2025-03-22 21:23:23,031:INFO:Initializing Extreme Gradient Boosting
2025-03-22 21:23:23,031:INFO:Total runtime is 0.27983936468760173 minutes
2025-03-22 21:23:23,031:INFO:SubProcess create_model() called ==================================
2025-03-22 21:23:23,032:INFO:Initializing create_model()
2025-03-22 21:23:23,032:INFO:create_model(self=<pycaret.classification.oop.ClassificationExperiment object at 0x0000016352F2BFD0>, estimator=xgboost, fold=StratifiedKFold(n_splits=10, random_state=None, shuffle=False), round=4, cross_validation=True, predict=True, fit_kwargs={}, groups=None, refit=False, probability_threshold=None, experiment_custom_tags=None, verbose=False, system=False, add_to_model_list=True, metrics=None, display=<pycaret.internal.display.display.CommonDisplay object at 0x000001635190E490>, model_only=True, return_train_score=False, error_score=0.0, kwargs={})
2025-03-22 21:23:23,032:INFO:Checking exceptions
2025-03-22 21:23:23,032:INFO:Importing libraries
2025-03-22 21:23:23,032:INFO:Copying training dataset
2025-03-22 21:23:23,039:INFO:Defining folds
2025-03-22 21:23:23,040:INFO:Declaring metric variables
2025-03-22 21:23:23,040:INFO:Importing untrained model
2025-03-22 21:23:23,041:INFO:Extreme Gradient Boosting Imported successfully
2025-03-22 21:23:23,042:INFO:Starting cross validation
2025-03-22 21:23:23,042:INFO:Cross validating with StratifiedKFold(n_splits=10, random_state=None, shuffle=False), n_jobs=-1
2025-03-22 21:23:23,322:INFO:Calculating mean and std
2025-03-22 21:23:23,324:INFO:Creating metrics dataframe
2025-03-22 21:23:23,327:INFO:Uploading results into container
2025-03-22 21:23:23,327:INFO:Uploading model into container now
2025-03-22 21:23:23,328:INFO:_master_model_container: 13
2025-03-22 21:23:23,328:INFO:_display_container: 2
2025-03-22 21:23:23,329:INFO:XGBClassifier(base_score=None, booster='gbtree', callbacks=None,
              colsample_bylevel=None, colsample_bynode=None,
              colsample_bytree=None, device='cpu', early_stopping_rounds=None,
              enable_categorical=False, eval_metric=None, feature_types=None,
              feature_weights=None, gamma=None, grow_policy=None,
              importance_type=None, interaction_constraints=None,
              learning_rate=None, max_bin=None, max_cat_threshold=None,
              max_cat_to_onehot=None, max_delta_step=None, max_depth=None,
              max_leaves=None, min_child_weight=None, missing=nan,
              monotone_constraints=None, multi_strategy=None, n_estimators=None,
              n_jobs=-1, num_parallel_tree=None, ...)
2025-03-22 21:23:23,329:INFO:create_model() successfully completed......................................
2025-03-22 21:23:23,436:INFO:SubProcess create_model() end ==================================
2025-03-22 21:23:23,436:INFO:Creating metrics dataframe
2025-03-22 21:23:23,440:INFO:Initializing Light Gradient Boosting Machine
2025-03-22 21:23:23,440:INFO:Total runtime is 0.28665231068929037 minutes
2025-03-22 21:23:23,441:INFO:SubProcess create_model() called ==================================
2025-03-22 21:23:23,441:INFO:Initializing create_model()
2025-03-22 21:23:23,441:INFO:create_model(self=<pycaret.classification.oop.ClassificationExperiment object at 0x0000016352F2BFD0>, estimator=lightgbm, fold=StratifiedKFold(n_splits=10, random_state=None, shuffle=False), round=4, cross_validation=True, predict=True, fit_kwargs={}, groups=None, refit=False, probability_threshold=None, experiment_custom_tags=None, verbose=False, system=False, add_to_model_list=True, metrics=None, display=<pycaret.internal.display.display.CommonDisplay object at 0x000001635190E490>, model_only=True, return_train_score=False, error_score=0.0, kwargs={})
2025-03-22 21:23:23,441:INFO:Checking exceptions
2025-03-22 21:23:23,441:INFO:Importing libraries
2025-03-22 21:23:23,441:INFO:Copying training dataset
2025-03-22 21:23:23,446:INFO:Defining folds
2025-03-22 21:23:23,447:INFO:Declaring metric variables
2025-03-22 21:23:23,447:INFO:Importing untrained model
2025-03-22 21:23:23,448:INFO:Light Gradient Boosting Machine Imported successfully
2025-03-22 21:23:23,448:INFO:Starting cross validation
2025-03-22 21:23:23,449:INFO:Cross validating with StratifiedKFold(n_splits=10, random_state=None, shuffle=False), n_jobs=-1
2025-03-22 21:23:24,861:INFO:Calculating mean and std
2025-03-22 21:23:24,863:INFO:Creating metrics dataframe
2025-03-22 21:23:24,866:INFO:Uploading results into container
2025-03-22 21:23:24,867:INFO:Uploading model into container now
2025-03-22 21:23:24,869:INFO:_master_model_container: 14
2025-03-22 21:23:24,869:INFO:_display_container: 2
2025-03-22 21:23:24,871:INFO:LGBMClassifier(boosting_type='gbdt', class_weight=None, colsample_bytree=1.0,
               importance_type='split', learning_rate=0.1, max_depth=-1,
               min_child_samples=20, min_child_weight=0.001, min_split_gain=0.0,
               n_estimators=100, n_jobs=-1, num_leaves=31, objective=None,
               random_state=123, reg_alpha=0.0, reg_lambda=0.0, subsample=1.0,
               subsample_for_bin=200000, subsample_freq=0)
2025-03-22 21:23:24,871:INFO:create_model() successfully completed......................................
2025-03-22 21:23:24,984:INFO:SubProcess create_model() end ==================================
2025-03-22 21:23:24,985:INFO:Creating metrics dataframe
2025-03-22 21:23:24,990:INFO:Initializing Dummy Classifier
2025-03-22 21:23:24,991:INFO:Total runtime is 0.31250423987706505 minutes
2025-03-22 21:23:24,991:INFO:SubProcess create_model() called ==================================
2025-03-22 21:23:24,991:INFO:Initializing create_model()
2025-03-22 21:23:24,992:INFO:create_model(self=<pycaret.classification.oop.ClassificationExperiment object at 0x0000016352F2BFD0>, estimator=dummy, fold=StratifiedKFold(n_splits=10, random_state=None, shuffle=False), round=4, cross_validation=True, predict=True, fit_kwargs={}, groups=None, refit=False, probability_threshold=None, experiment_custom_tags=None, verbose=False, system=False, add_to_model_list=True, metrics=None, display=<pycaret.internal.display.display.CommonDisplay object at 0x000001635190E490>, model_only=True, return_train_score=False, error_score=0.0, kwargs={})
2025-03-22 21:23:24,992:INFO:Checking exceptions
2025-03-22 21:23:24,992:INFO:Importing libraries
2025-03-22 21:23:24,992:INFO:Copying training dataset
2025-03-22 21:23:24,998:INFO:Defining folds
2025-03-22 21:23:24,998:INFO:Declaring metric variables
2025-03-22 21:23:24,999:INFO:Importing untrained model
2025-03-22 21:23:24,999:INFO:Dummy Classifier Imported successfully
2025-03-22 21:23:25,000:INFO:Starting cross validation
2025-03-22 21:23:25,001:INFO:Cross validating with StratifiedKFold(n_splits=10, random_state=None, shuffle=False), n_jobs=-1
2025-03-22 21:23:25,071:WARNING:C:\Users\DJtop\Downloads\MarchMadnessPredictor\pycaret_env\Lib\site-packages\sklearn\metrics\_classification.py:1509: UndefinedMetricWarning: Precision is ill-defined and being set to 0.0 due to no predicted samples. Use `zero_division` parameter to control this behavior.
  _warn_prf(average, modifier, f"{metric.capitalize()} is", len(result))

2025-03-22 21:23:25,074:WARNING:C:\Users\DJtop\Downloads\MarchMadnessPredictor\pycaret_env\Lib\site-packages\sklearn\metrics\_classification.py:1509: UndefinedMetricWarning: Precision is ill-defined and being set to 0.0 due to no predicted samples. Use `zero_division` parameter to control this behavior.
  _warn_prf(average, modifier, f"{metric.capitalize()} is", len(result))

2025-03-22 21:23:25,083:WARNING:C:\Users\DJtop\Downloads\MarchMadnessPredictor\pycaret_env\Lib\site-packages\sklearn\metrics\_classification.py:1509: UndefinedMetricWarning: Precision is ill-defined and being set to 0.0 due to no predicted samples. Use `zero_division` parameter to control this behavior.
  _warn_prf(average, modifier, f"{metric.capitalize()} is", len(result))

2025-03-22 21:23:25,104:WARNING:C:\Users\DJtop\Downloads\MarchMadnessPredictor\pycaret_env\Lib\site-packages\sklearn\metrics\_classification.py:1509: UndefinedMetricWarning: Precision is ill-defined and being set to 0.0 due to no predicted samples. Use `zero_division` parameter to control this behavior.
  _warn_prf(average, modifier, f"{metric.capitalize()} is", len(result))

2025-03-22 21:23:25,111:WARNING:C:\Users\DJtop\Downloads\MarchMadnessPredictor\pycaret_env\Lib\site-packages\sklearn\metrics\_classification.py:1509: UndefinedMetricWarning: Precision is ill-defined and being set to 0.0 due to no predicted samples. Use `zero_division` parameter to control this behavior.
  _warn_prf(average, modifier, f"{metric.capitalize()} is", len(result))

2025-03-22 21:23:25,126:WARNING:C:\Users\DJtop\Downloads\MarchMadnessPredictor\pycaret_env\Lib\site-packages\sklearn\metrics\_classification.py:1509: UndefinedMetricWarning: Precision is ill-defined and being set to 0.0 due to no predicted samples. Use `zero_division` parameter to control this behavior.
  _warn_prf(average, modifier, f"{metric.capitalize()} is", len(result))

2025-03-22 21:23:25,129:WARNING:C:\Users\DJtop\Downloads\MarchMadnessPredictor\pycaret_env\Lib\site-packages\sklearn\metrics\_classification.py:1509: UndefinedMetricWarning: Precision is ill-defined and being set to 0.0 due to no predicted samples. Use `zero_division` parameter to control this behavior.
  _warn_prf(average, modifier, f"{metric.capitalize()} is", len(result))

2025-03-22 21:23:25,150:INFO:Calculating mean and std
2025-03-22 21:23:25,152:INFO:Creating metrics dataframe
2025-03-22 21:23:25,156:INFO:Uploading results into container
2025-03-22 21:23:25,157:INFO:Uploading model into container now
2025-03-22 21:23:25,158:INFO:_master_model_container: 15
2025-03-22 21:23:25,158:INFO:_display_container: 2
2025-03-22 21:23:25,158:INFO:DummyClassifier(constant=None, random_state=123, strategy='prior')
2025-03-22 21:23:25,158:INFO:create_model() successfully completed......................................
2025-03-22 21:23:25,286:INFO:SubProcess create_model() end ==================================
2025-03-22 21:23:25,286:INFO:Creating metrics dataframe
2025-03-22 21:23:25,293:WARNING:C:\Users\DJtop\Downloads\MarchMadnessPredictor\pycaret_env\Lib\site-packages\pycaret\internal\pycaret_experiment\supervised_experiment.py:339: FutureWarning: Styler.applymap has been deprecated. Use Styler.map instead.
  .applymap(highlight_cols, subset=["TT (Sec)"])

2025-03-22 21:23:25,296:INFO:Initializing create_model()
2025-03-22 21:23:25,296:INFO:create_model(self=<pycaret.classification.oop.ClassificationExperiment object at 0x0000016352F2BFD0>, estimator=LogisticRegression(C=1.0, class_weight=None, dual=False, fit_intercept=True,
                   intercept_scaling=1, l1_ratio=None, max_iter=1000,
                   multi_class='auto', n_jobs=None, penalty='l2',
                   random_state=123, solver='lbfgs', tol=0.0001, verbose=0,
                   warm_start=False), fold=StratifiedKFold(n_splits=10, random_state=None, shuffle=False), round=4, cross_validation=False, predict=False, fit_kwargs={}, groups=None, refit=True, probability_threshold=None, experiment_custom_tags=None, verbose=False, system=False, add_to_model_list=True, metrics=None, display=None, model_only=True, return_train_score=False, error_score=0.0, kwargs={})
2025-03-22 21:23:25,296:INFO:Checking exceptions
2025-03-22 21:23:25,297:INFO:Importing libraries
2025-03-22 21:23:25,297:INFO:Copying training dataset
2025-03-22 21:23:25,302:INFO:Defining folds
2025-03-22 21:23:25,302:INFO:Declaring metric variables
2025-03-22 21:23:25,303:INFO:Importing untrained model
2025-03-22 21:23:25,303:INFO:Declaring custom model
2025-03-22 21:23:25,303:INFO:Logistic Regression Imported successfully
2025-03-22 21:23:25,304:INFO:Cross validation set to False
2025-03-22 21:23:25,304:INFO:Fitting Model
2025-03-22 21:23:25,320:INFO:LogisticRegression(C=1.0, class_weight=None, dual=False, fit_intercept=True,
                   intercept_scaling=1, l1_ratio=None, max_iter=1000,
                   multi_class='auto', n_jobs=None, penalty='l2',
                   random_state=123, solver='lbfgs', tol=0.0001, verbose=0,
                   warm_start=False)
2025-03-22 21:23:25,320:INFO:create_model() successfully completed......................................
2025-03-22 21:23:25,442:INFO:_master_model_container: 15
2025-03-22 21:23:25,442:INFO:_display_container: 2
2025-03-22 21:23:25,443:INFO:LogisticRegression(C=1.0, class_weight=None, dual=False, fit_intercept=True,
                   intercept_scaling=1, l1_ratio=None, max_iter=1000,
                   multi_class='auto', n_jobs=None, penalty='l2',
                   random_state=123, solver='lbfgs', tol=0.0001, verbose=0,
                   warm_start=False)
2025-03-22 21:23:25,443:INFO:compare_models() successfully completed......................................
2025-03-22 21:23:27,039:WARNING:C:\Users\DJtop\Downloads\MarchMadnessPredictor\pycaret_env\Lib\site-packages\xgboost\training.py:183: UserWarning: [21:23:27] WARNING: C:\actions-runner\_work\xgboost\xgboost\src\learner.cc:738: 
Parameters: { "use_label_encoder" } are not used.

  bst.update(dtrain, iteration=i, fobj=obj)

